<html>
<body>
<pre>
<h1>Vision Build Log</h1>
<h2>Tool Versions:</h2>
IDE-Version: μVision V5.20.0.0
Copyright (C) 2016 ARM Ltd and ARM Germany GmbH. All rights reserved.
License Information: xx sethome, xx, LIC=1WSEV-PWZ7J-67DRS-L1DCL-IUFXU-FX449
 
Tool Versions:
Toolchain:       MDK-ARM Professional  Version: 5.20
Toolchain Path:  C:\Keil_v5\ARM\ARMCC\Bin
C Compiler:      Armcc.exe V5.06 update 2 (build 183)
Assembler:       Armasm.exe V5.06 update 2 (build 183)
Linker/Locator:  ArmLink.exe V5.06 update 2 (build 183)
Library Manager: ArmAr.exe V5.06 update 2 (build 183)
Hex Converter:   FromElf.exe V5.06 update 2 (build 183)
CPU DLL:         SARMCM3.DLL V5.20
Dialog DLL:      DCM.DLL V1.13.7.0
Target DLL:      CMSIS_AGDI.dll V1.25.20.0
Dialog DLL:      TCM.DLL V1.14.9.0
 
<h2>Project:</h2>
C:\Users\sethome\Desktop\RM开发板C型拓展框架\RMc_Adam_GenralRobotSystem Ver1.0.4.20210818 Alpha\MDK-ARM\RMc_adam_GeneralRobotSystemCode.uvprojx
Project File Date:  02/09/2022

<h2>Output:</h2>
*** Using Compiler 'V5.06 update 2 (build 183)', folder: 'C:\Keil_v5\ARM\ARMCC\Bin'
Build target 'RMc_adam_GeneralRobotSystemCode'
compiling UART_data_transmit.c...
..\Applications\Software\referee.h(208): error:  #20: identifier "layer_node" is undefined
    layer_node *next;
..\Applications\Hardware\UART_data_transmit.c: 0 warnings, 1 error
compiling referee.c...
..\Applications\Software\referee.h(208): error:  #20: identifier "layer_node" is undefined
    layer_node *next;
..\Applications\Software\referee.c(118): error:  #29: expected an expression
    static uint8_t send_data[512] = {}; // ?????瀛?
..\Applications\Software\referee.c(183): warning:  #177-D: variable "frame" was declared but never referenced
    ext_student_interactive_header_data_t frame;
..\Applications\Software\referee.c: 1 warning, 2 errors
compiling main.c...
..\Applications\Software\referee.h(208): error:  #20: identifier "layer_node" is undefined
    layer_node *next;
../Src/main.c: 0 warnings, 1 error
"RMc_adam_GeneralRobotSystemCode\RMc_adam_GeneralRobotSystemCode.axf" - 4 Error(s), 1 Warning(s).

<h2>Software Packages used:</h2>

Package Vendor: ARM
                http://www.keil.com/pack/ARM.CMSIS.4.5.0.pack
                ARM::CMSIS:CORE:4.3.0
                CMSIS (Cortex Microcontroller Software Interface Standard)
   * Component: CORE Version: 4.3.0

<h2>Collection of Component include folders:</h2>
  C:\Users\sethome\Desktop\RM开发板C型拓展框架\RMc_Adam_GenralRobotSystem Ver1.0.4.20210818 Alpha\MDK-ARM\RTE
  C:\Keil_v5\ARM\PACK\ARM\CMSIS\4.5.0\CMSIS\Include
  C:\Keil_v5\ARM\PACK\Keil\STM32F4xx_DFP\2.9.0\Drivers\CMSIS\Device\ST\STM32F4xx\Include

<h2>Collection of Component Files used:</h2>

   * Component: ARM::CMSIS:CORE:4.3.0
Target not created.
Build Time Elapsed:  00:00:26
</pre>
</body>
</html>
